<?xml version="1.0" encoding="UTF-8"?>
<testng-results ignored="0" total="1" passed="1" failed="0" skipped="0">
  <reporter-output>
  </reporter-output>
  <suite started-at="2021-06-08T01:57:40 EDT" name="openCartSuite" finished-at="2021-06-08T01:57:47 EDT" duration-ms="6368">
    <groups>
      <group name="master">
        <method signature="TC_002_Login.test_Login()[pri:0, instance:testCases.TC_002_Login@10e92f8f]" name="test_Login" class="testCases.TC_002_Login"/>
      </group> <!-- master -->
    </groups>
    <test started-at="2021-06-08T01:57:40 EDT" name="openCartTest" finished-at="2021-06-08T01:57:47 EDT" duration-ms="6368">
      <class name="testCases.TC_002_Login">
        <test-method is-config="true" signature="setup(java.lang.String)[pri:0, instance:testCases.TC_002_Login@10e92f8f]" started-at="2021-06-08T01:57:41 EDT" name="setup" finished-at="2021-06-08T01:57:45 EDT" duration-ms="4005" status="PASS">
          <params>
            <param index="0">
              <value>
                <![CDATA[Edge]]>
              </value>
            </param>
          </params>
          <reporter-output>
          </reporter-output>
        </test-method> <!-- setup -->
        <test-method signature="test_Login()[pri:0, instance:testCases.TC_002_Login@10e92f8f]" started-at="2021-06-08T01:57:45 EDT" name="test_Login" finished-at="2021-06-08T01:57:47 EDT" duration-ms="2104" status="PASS">
          <reporter-output>
          </reporter-output>
        </test-method> <!-- test_Login -->
        <test-method is-config="true" signature="tearDown()[pri:0, instance:testCases.TC_002_Login@10e92f8f]" started-at="2021-06-08T01:57:47 EDT" name="tearDown" finished-at="2021-06-08T01:57:47 EDT" duration-ms="62" status="PASS">
          <reporter-output>
          </reporter-output>
        </test-method> <!-- tearDown -->
      </class> <!-- testCases.TC_002_Login -->
    </test> <!-- openCartTest -->
  </suite> <!-- openCartSuite -->
</testng-results>
